<?xml version="1.0" encoding="UTF-8"?>
<!-- Generated by org.testng.reporters.JUnitReportReporter -->
<testsuite hostname="HPDB0154" name="test.AdditionTest" tests="1" failures="0" timestamp="25 Jun 2018 12:40:08 GMT" time="0.018" errors="0">
  <testcase name="testPrint" time="0.018" classname="test.AdditionTest"/>
</testsuite> <!-- test.AdditionTest -->
