<?xml version="1.0" encoding="UTF-8"?>
<!-- Generated by org.testng.reporters.JUnitReportReporter -->
<testsuite hostname="HPDB0154" name="test" tests="1" failures="0" timestamp="22 Jun 2018 07:12:10 GMT" time="0.014" errors="0">
  <testcase name="test_01" time="0.014" classname="test"/>
</testsuite> <!-- test -->
